<?xml version="1.0" encoding="UTF-8"?>
<!-- Generated by org.testng.reporters.JUnitReportReporter -->
<testsuite skipped="0" hostname="DESKTOP-NMH8UGV" name="test.LoginTest" tests="2" failures="0" timestamp="2020-05-11T19:47:31 CDT" time="7.590" errors="0">
  <testcase name="loginTest" time="3.237" classname="test.LoginTest"/>
  <system-out/>
  <testcase name="addContact" time="4.353" classname="test.LoginTest"/>
  <system-out/>
</testsuite> <!-- test.LoginTest -->
