<?xml version="1.0" encoding="UTF-8"?>
<!-- Generated by org.testng.reporters.JUnitReportReporter -->
<testsuite skipped="0" hostname="LAPTOP-5HFKIBAM" name="test.LoginTest" tests="2" failures="0" timestamp="2020-05-11T19:43:45 CDT" time="11.075" errors="0">
  <testcase name="loginTest" time="6.141" classname="test.LoginTest"/>
  <system-out/>
  <testcase name="addContact" time="4.934" classname="test.LoginTest"/>
  <system-out/>
</testsuite> <!-- test.LoginTest -->
