<?xml version="1.0" encoding="UTF-8"?>
<!-- Generated by org.testng.reporters.JUnitReportReporter -->
<testsuite skipped="0" hostname="L-156197606" name="test.LoginTest" tests="2" failures="0" timestamp="2020-05-11T00:13:53 CDT" time="7.084" errors="0">
  <testcase name="loginTest" time="3.175" classname="test.LoginTest"/>
  <system-out/>
  <testcase name="addContact" time="3.909" classname="test.LoginTest"/>
  <system-out/>
</testsuite> <!-- test.LoginTest -->
