<?xml version="1.0" encoding="UTF-8"?>
<!-- Generated by org.testng.reporters.JUnitReportReporter -->
<testsuite skipped="0" hostname="L-156197606" name="test.LoginTest" tests="2" failures="0" timestamp="2020-05-10T23:31:27 CDT" time="8.056" errors="0">
  <testcase name="loginTest" time="5.820" classname="test.LoginTest"/>
  <system-out/>
  <testcase name="addContact" time="2.236" classname="test.LoginTest"/>
  <system-out/>
</testsuite> <!-- test.LoginTest -->
