<?xml version="1.0" encoding="UTF-8"?>
<!-- Generated by org.testng.reporters.JUnitReportReporter -->
<testsuite skipped="0" hostname="LAPTOP-OCQSVSUR" name="test.LoginTest" tests="2" failures="0" timestamp="2020-05-11T19:43:44 CDT" time="10.053" errors="0">
  <testcase name="loginTest" time="4.823" classname="test.LoginTest"/>
  <system-out/>
  <testcase name="addContact" time="5.230" classname="test.LoginTest"/>
  <system-out/>
</testsuite> <!-- test.LoginTest -->
